Build started 9/24/2021 8:58:24 PM.
     1>Project "c:\Users\walied\documents\visual studio 2012\Projects\SyscallNumberFinder\SyscallNumberFinder\SyscallNumberFinder.vcxproj" on node 2 (Build target(s)).
     1>ClCompile:
         C:\Program Files (x86)\Microsoft Visual Studio 11.0\VC\bin\x86_amd64\CL.exe /c /Zi /nologo /W3 /WX- /O2 /Oi /GL /D WIN32 /D NDEBUG /D _CONSOLE /D _UNICODE /D UNICODE /Gm- /EHsc /MD /GS /Gy /fp:precise /Zc:wchar_t /Zc:forScope /Yu"stdafx.h" /Fp"x64\Release\SyscallNumberFinder.pch" /Fo"x64\Release\\" /Fd"x64\Release\vc110.pdb" /Gd /TP /errorReport:prompt SyscallNumberFinder.cpp
         SyscallNumberFinder.cpp
     1>SyscallNumberFinder.cpp(85): warning C4244: 'initializing' : conversion from 'unsigned __int64' to 'unsigned long', possible loss of data
     1>SyscallNumberFinder.cpp(115): warning C4267: 'initializing' : conversion from 'size_t' to 'unsigned long', possible loss of data
     1>SyscallNumberFinder.cpp(141): warning C4244: 'initializing' : conversion from 'unsigned __int64' to 'unsigned long', possible loss of data
     1>SyscallNumberFinder.cpp(148): warning C4996: 'wcsicmp': The POSIX name for this item is deprecated. Instead, use the ISO C++ conformant name: _wcsicmp. See online help for details.
                 C:\Program Files (x86)\Microsoft Visual Studio 11.0\VC\include\wchar.h(1138) : see declaration of 'wcsicmp'
     1>SyscallNumberFinder.cpp(155): warning C4244: 'initializing' : conversion from 'unsigned __int64' to 'unsigned long', possible loss of data
       Link:
         C:\Program Files (x86)\Microsoft Visual Studio 11.0\VC\bin\x86_amd64\link.exe /ERRORREPORT:PROMPT /OUT:"c:\users\walied\documents\visual studio 2012\Projects\SyscallNumberFinder\x64\Release\SyscallNumberFinder.exe" /INCREMENTAL:NO /NOLOGO kernel32.lib user32.lib gdi32.lib winspool.lib comdlg32.lib advapi32.lib shell32.lib ole32.lib oleaut32.lib uuid.lib odbc32.lib odbccp32.lib /MANIFEST /MANIFESTUAC:"level='asInvoker' uiAccess='false'" /manifest:embed /DEBUG /PDB:"c:\users\walied\documents\visual studio 2012\Projects\SyscallNumberFinder\x64\Release\SyscallNumberFinder.pdb" /SUBSYSTEM:CONSOLE /OPT:REF /OPT:ICF /LTCG /TLBID:1 /DYNAMICBASE /NXCOMPAT /IMPLIB:"c:\users\walied\documents\visual studio 2012\Projects\SyscallNumberFinder\x64\Release\SyscallNumberFinder.lib" /MACHINE:X64 x64\Release\stdafx.obj
         x64\Release\SyscallNumberFinder.obj
         Generating code
         Finished generating code
         SyscallNumberFinder.vcxproj -> c:\users\walied\documents\visual studio 2012\Projects\SyscallNumberFinder\x64\Release\SyscallNumberFinder.exe
     1>Done Building Project "c:\Users\walied\documents\visual studio 2012\Projects\SyscallNumberFinder\SyscallNumberFinder\SyscallNumberFinder.vcxproj" (Build target(s)).

Build succeeded.

Time Elapsed 00:00:00.92
